生成启动时间为 2021/12/10 14:52:52。
     1>项目“C:\学习\软件工程\windows\MathClient\MathClient\MathClient.vcxproj”在节点 2 上(build 个目标)。
     1>InitializeBuildStatus:
         正在对“Debug\MathClient.unsuccessfulbuild”执行 Touch 任务。
       ClCompile:
         所有输出均为最新。
         所有输出均为最新。
       ManifestResourceCompile:
         所有输出均为最新。
       Link:
         C:\Program Files (x86)\Microsoft Visual Studio 10.0\VC\bin\link.exe /ERRORREPORT:PROMPT /OUT:"C:\学习\软件工程\windows\MathClient\Debug\MathClient.exe" /INCREMENTAL /NOLOGO /LIBPATH:"C:\学习\软件工程\windows\MathLibrary\Debug" MathLibrary.lib kernel32.lib user32.lib gdi32.lib winspool.lib comdlg32.lib advapi32.lib shell32.lib ole32.lib oleaut32.lib uuid.lib odbc32.lib odbccp32.lib /MANIFEST /ManifestFile:"Debug\MathClient.exe.intermediate.manifest" /MANIFESTUAC:"level='asInvoker' uiAccess='false'" /DEBUG /PDB:"C:\学习\软件工程\windows\MathClient\Debug\MathClient.pdb" /SUBSYSTEM:CONSOLE /TLBID:1 /DYNAMICBASE /NXCOMPAT /IMPLIB:"C:\学习\软件工程\windows\MathClient\Debug\MathClient.lib" /MACHINE:X86 Debug\MathClient.exe.embed.manifest.res
         Debug\MathClient.obj
         Debug\stdafx.obj
       Manifest:
         C:\Program Files (x86)\Microsoft SDKs\Windows\v7.0A\bin\mt.exe /nologo /verbose /out:"Debug\MathClient.exe.embed.manifest" /manifest Debug\MathClient.exe.intermediate.manifest
         C:\Program Files (x86)\Microsoft SDKs\Windows\v7.0A\bin\rc.exe /nologo /fo"Debug\MathClient.exe.embed.manifest.res" Debug\MathClient_manifest.rc 
       LinkEmbedManifest:
         C:\Program Files (x86)\Microsoft Visual Studio 10.0\VC\bin\link.exe /ERRORREPORT:PROMPT /OUT:"C:\学习\软件工程\windows\MathClient\Debug\MathClient.exe" /INCREMENTAL /NOLOGO /LIBPATH:"C:\学习\软件工程\windows\MathLibrary\Debug" MathLibrary.lib kernel32.lib user32.lib gdi32.lib winspool.lib comdlg32.lib advapi32.lib shell32.lib ole32.lib oleaut32.lib uuid.lib odbc32.lib odbccp32.lib /MANIFEST /ManifestFile:"Debug\MathClient.exe.intermediate.manifest" /MANIFESTUAC:"level='asInvoker' uiAccess='false'" /DEBUG /PDB:"C:\学习\软件工程\windows\MathClient\Debug\MathClient.pdb" /SUBSYSTEM:CONSOLE /TLBID:1 /DYNAMICBASE /NXCOMPAT /IMPLIB:"C:\学习\软件工程\windows\MathClient\Debug\MathClient.lib" /MACHINE:X86 Debug\MathClient.exe.embed.manifest.res
         Debug\MathClient.obj
         Debug\stdafx.obj
         MathClient.vcxproj -> C:\学习\软件工程\windows\MathClient\Debug\MathClient.exe
       PostBuildEvent:
         xcopy /y /d "..\..\MathLibrary\Debug\MathLibrary.dll" "C:\学习\软件工程\windows\MathClient\Debug\"
         :VCEnd
         ..\..\MathLibrary\Debug\MathLibrary.dll
         复制了 1 个文件
       FinalizeBuildStatus:
         正在删除文件“Debug\MathClient.unsuccessfulbuild”。
         正在对“Debug\MathClient.lastbuildstate”执行 Touch 任务。
     1>已完成生成项目“C:\学习\软件工程\windows\MathClient\MathClient\MathClient.vcxproj”(build 个目标)的操作。

生成成功。

已用时间 00:00:02.35
